Change Component Designator: Old Designator=BOOT? New Designator=BOOT1
Change Component Designator: Old Designator=C? New Designator=C1
Change Component Designator: Old Designator=C? New Designator=C2
Change Component Designator: Old Designator=C? New Designator=C3
Change Component Designator: Old Designator=I? New Designator=I1
Change Component Designator: Old Designator=I? New Designator=I2
Change Component Designator: Old Designator=IC? New Designator=IC1
Change Component Designator: Old Designator=J? New Designator=J1
Change Component Designator: Old Designator=J? New Designator=J2
Change Component Designator: Old Designator=JRx? New Designator=JRx1
Change Component Designator: Old Designator=JRx? New Designator=JRx2
Change Component Designator: Old Designator=JTx? New Designator=JTx1
Change Component Designator: Old Designator=JTx? New Designator=JTx2
Change Component Designator: Old Designator=L? New Designator=L1
Change Component Designator: Old Designator=P? New Designator=P1
Change Component Designator: Old Designator=R? New Designator=R1
Change Component Designator: Old Designator=R? New Designator=R2
Change Component Designator: Old Designator=R? New Designator=R3
Change Component Designator: Old Designator=R? New Designator=R4
Change Component Designator: Old Designator=R? New Designator=R5
Change Component Designator: Old Designator=R? New Designator=R6
Change Component Designator: Old Designator=Random_? New Designator=Random_1
Change Component Designator: Old Designator=Random_? New Designator=Random_2
Change Component Designator: Old Designator=RST? New Designator=RST1
Change Component Designator: Old Designator=UART? New Designator=UART1
Change Component Designator: Old Designator=UART? New Designator=UART2
Change Component Designator: Old Designator=Xtal? New Designator=Xtal1
