Change Component Designator: Old Designator=BOOT1 New Designator=BOOT?
Change Component Designator: Old Designator=C1 New Designator=C?
Change Component Designator: Old Designator=C2 New Designator=C?
Change Component Designator: Old Designator=C3 New Designator=C?
Change Component Designator: Old Designator=I1 New Designator=I?
Change Component Designator: Old Designator=I2 New Designator=I?
Change Component Designator: Old Designator=IC1 New Designator=IC?
Change Component Designator: Old Designator=J1 New Designator=J?
Change Component Designator: Old Designator=J2 New Designator=J?
Change Component Designator: Old Designator=JR1 New Designator=JR?
Change Component Designator: Old Designator=JRx1 New Designator=JRx?
Change Component Designator: Old Designator=JRx2 New Designator=JRx?
Change Component Designator: Old Designator=JT1 New Designator=JT?
Change Component Designator: Old Designator=JTx1 New Designator=JTx?
Change Component Designator: Old Designator=JTx2 New Designator=JTx?
Change Component Designator: Old Designator=L1 New Designator=L?
Change Component Designator: Old Designator=P1 New Designator=P?
Change Component Designator: Old Designator=R1 New Designator=R?
Change Component Designator: Old Designator=R2 New Designator=R?
Change Component Designator: Old Designator=R3 New Designator=R?
Change Component Designator: Old Designator=R4 New Designator=R?
Change Component Designator: Old Designator=R5 New Designator=R?
Change Component Designator: Old Designator=R6 New Designator=R?
Change Component Designator: Old Designator=Random_1_2 New Designator=Random_?
Change Component Designator: Old Designator=Random_3_4/T New Designator=Random_?
Change Component Designator: Old Designator=RST1 New Designator=RST?
Change Component Designator: Old Designator=UART1 New Designator=UART?
Change Component Designator: Old Designator=UART2 New Designator=UART?
Change Component Designator: Old Designator=Xtal1 New Designator=Xtal?
