Added Pin To Net: NetName=5V_FTDI Pin=1-2
Added Pin To Net: NetName=3V3 Pin=3V3-1
Added Pin To Net: NetName=RST Pin=C1-1
Added Pin To Net: NetName=GND Pin=C1-2
Added Pin To Net: NetName=GND Pin=C2-2
Added Pin To Net: NetName=GND Pin=C3-2
Added Pin To Net: NetName=GND Pin=C4-1
Added Pin To Net: NetName=GND Pin=C5-2
Added Pin To Net: NetName=GND Pin=C6-2
Added Pin To Net: NetName=GND Pin=C7-1
Added Pin To Net: NetName=GND Pin=C8-2
Added Pin To Net: NetName=GND Pin=C9-2
Added Pin To Net: NetName=3V3 Pin=C13-1
Added Pin To Net: NetName=3V3 Pin=C14-1
Added Pin To Net: NetName=3V3 Pin=I1-1
Added Pin To Net: NetName=SCL Pin=I1-2
Added Pin To Net: NetName=SDA Pin=I1-3
Added Pin To Net: NetName=GND Pin=I1-4
Added Pin To Net: NetName=3V3 Pin=I2-1
Added Pin To Net: NetName=SCL Pin=I2-2
Added Pin To Net: NetName=SDA Pin=I2-3
Added Pin To Net: NetName=GND Pin=I2-4
Added Pin To Net: NetName=GND Pin=IC1-1
Added Pin To Net: NetName=3V3 Pin=IC1-2
Added Pin To Net: NetName=RST Pin=IC1-3
Added Pin To Net: NetName=GND Pin=IC1-15
Added Pin To Net: NetName=D9 Pin=IC1-24
Added Pin To Net: NetName=GPIO0 Pin=IC1-25
Added Pin To Net: NetName=SDA Pin=IC1-33
Added Pin To Net: NetName=Rx Pin=IC1-34
Added Pin To Net: NetName=SCL Pin=IC1-36
Added Pin To Net: NetName=GND Pin=IC1-38
Added Pin To Net: NetName=GND Pin=IC1-39
Added Pin To Net: NetName=GND Pin=IC1-40
Added Pin To Net: NetName=GND Pin=IC1-41
Added Pin To Net: NetName=GND Pin=IC1-42
Added Pin To Net: NetName=GND Pin=IC1-43
Added Pin To Net: NetName=GND Pin=IC1-44
Added Pin To Net: NetName=GND Pin=IC1-45
Added Pin To Net: NetName=GND Pin=IC1-46
Added Pin To Net: NetName=GND Pin=IC1-47
Added Pin To Net: NetName=GND Pin=IC2-6
Added Pin To Net: NetName=GND Pin=IC2-16
Added Pin To Net: NetName=3V3 Pin=IC3-2
Added Pin To Net: NetName=GND Pin=IC13-1
Added Pin To Net: NetName=GND Pin=IC13-5
Added Pin To Net: NetName=GND Pin=IC13-7
Added Pin To Net: NetName=GND Pin=IC13-10
Added Pin To Net: NetName=GND Pin=IC14-1
Added Pin To Net: NetName=GND Pin=IC14-5
Added Pin To Net: NetName=GND Pin=IC14-7
Added Pin To Net: NetName=GND Pin=IC14-10
Added Pin To Net: NetName=GND Pin=IC15-1
Added Pin To Net: NetName=GND Pin=IC15-5
Added Pin To Net: NetName=GND Pin=IC15-7
Added Pin To Net: NetName=GND Pin=IC15-10
Added Pin To Net: NetName=GND Pin=IC16-1
Added Pin To Net: NetName=GND Pin=IC17-1
Added Pin To Net: NetName=GND Pin=IC17-5
Added Pin To Net: NetName=GND Pin=IC17-7
Added Pin To Net: NetName=GND Pin=IC17-10
Added Pin To Net: NetName=GND Pin=IC18-1
Added Pin To Net: NetName=GND Pin=IC18-5
Added Pin To Net: NetName=GND Pin=IC18-7
Added Pin To Net: NetName=GND Pin=IC18-10
Added Pin To Net: NetName=GND Pin=IC19-1
Added Pin To Net: NetName=GND Pin=IC19-5
Added Pin To Net: NetName=GND Pin=IC19-7
Added Pin To Net: NetName=GND Pin=IC19-10
Added Pin To Net: NetName=GPIO0 Pin=J2-1
Added Pin To Net: NetName=GND Pin=J3-2
Added Pin To Net: NetName=GND Pin=J4-2
Added Pin To Net: NetName=GND Pin=J5-2
Added Pin To Net: NetName=GND Pin=J6-2
Added Pin To Net: NetName=GND Pin=J7-2
Added Pin To Net: NetName=GND Pin=J8-2
Added Pin To Net: NetName=Rx Pin=JRx1-2
Added Pin To Net: NetName=Rx Pin=JRx2-2
Added Pin To Net: NetName=GND Pin=L1-2
Added Pin To Net: NetName=3V3 Pin=P1-4
Added Pin To Net: NetName=GND Pin=P1-6
Added Pin To Net: NetName=GND Pin=Q7-2
Added Pin To Net: NetName=GND Pin=Q8-2
Added Pin To Net: NetName=GND Pin=Q9-2
Added Pin To Net: NetName=GND Pin=Q10-2
Added Pin To Net: NetName=GND Pin=Q11-2
Added Pin To Net: NetName=GND Pin=Q12-2
Added Pin To Net: NetName=RST Pin=R1-1
Added Pin To Net: NetName=3V3 Pin=R1-2
Added Pin To Net: NetName=GND Pin=R2-1
Added Pin To Net: NetName=3V3 Pin=R3-2
Added Pin To Net: NetName=3V3 Pin=R4-1
Added Pin To Net: NetName=SDA Pin=R4-2
Added Pin To Net: NetName=3V3 Pin=R5-1
Added Pin To Net: NetName=SCL Pin=R5-2
Added Pin To Net: NetName=D9 Pin=R6-1
Added Pin To Net: NetName=Tx Pin=R8-1
Added Pin To Net: NetName=GND Pin=R61-2
Added Pin To Net: NetName=Temp Pin=R72-2
Added Pin To Net: NetName=Temp Pin=R73-2
Added Pin To Net: NetName=3V3 Pin=Random_1_2-1
Added Pin To Net: NetName=GND Pin=Random_1_2-4
Added Pin To Net: NetName=3V3 Pin=Random_3_4/T-1
Added Pin To Net: NetName=GND Pin=Random_3_4/T-4
Added Pin To Net: NetName=GND Pin=RST1-1
Added Pin To Net: NetName=RST Pin=RST1-2
Added Pin To Net: NetName=5V_FTDI Pin=S1-3
Added Pin To Net: NetName=5V_FTDI Pin=S1-4
Added Pin To Net: NetName=GND Pin=S3-1
Added Pin To Net: NetName=Temp Pin=Temp_1-2
Added Pin To Net: NetName=GND Pin=Temp_1-3
Added Pin To Net: NetName=Temp Pin=Temp_2-2
Added Pin To Net: NetName=GND Pin=Temp_2-3
Added Pin To Net: NetName=3V3 Pin=UART1-1
Added Pin To Net: NetName=GND Pin=UART1-4
Added Pin To Net: NetName=3V3 Pin=UART2-1
Added Pin To Net: NetName=GND Pin=UART2-4
Added Pin To Net: NetName=GND Pin=USB1-5
