Removed Pin From Net: NetName=VCC_ISO Pin=C42-1
Removed Pin From Net: NetName=VCC_ISO Pin=C43-1
Removed Pin From Net: NetName=VCC_ISO Pin=C44-1
Removed Pin From Net: NetName=VCC_ISO Pin=C45-1
Removed Pin From Net: NetName=VCC_ISO Pin=C46-1
Removed Pin From Net: NetName=GND_ISO Pin=C46-2
Removed Pin From Net: NetName=VCC_ISO Pin=C47-1
Removed Pin From Net: NetName=GND_ISO Pin=C47-2
Removed Pin From Net: NetName=VCC_ISO Pin=C48-1
Removed Pin From Net: NetName=GND_ISO Pin=C48-2
Removed Pin From Net: NetName=VCC_ISO Pin=C49-1
Removed Pin From Net: NetName=GND_ISO Pin=C49-2
Removed Pin From Net: NetName=VCC_ISO Pin=C50-1
Removed Pin From Net: NetName=GND_ISO Pin=C50-2
Removed Pin From Net: NetName=VCC_ISO Pin=C51-1
Removed Pin From Net: NetName=GND_ISO Pin=C51-2
Removed Pin From Net: NetName=VCC_ISO Pin=C52-1
Removed Pin From Net: NetName=GND_ISO Pin=C52-2
Removed Pin From Net: NetName=VCC_ISO Pin=C53-1
Removed Pin From Net: NetName=GND_ISO Pin=C53-2
Removed Pin From Net: NetName=VCC_ISO Pin=C54-1
Removed Pin From Net: NetName=GND_ISO Pin=C54-2
Removed Pin From Net: NetName=VCC_ISO Pin=C55-1
Removed Pin From Net: NetName=GND_ISO Pin=C55-2
Removed Pin From Net: NetName=VCC_ISO Pin=C56-1
Removed Pin From Net: NetName=GND_ISO Pin=C56-2
Removed Pin From Net: NetName=VCC_ISO Pin=C57-1
Removed Pin From Net: NetName=GND_ISO Pin=C57-2
Removed Pin From Net: NetName=GND_ISO Pin=C58-2
Removed Pin From Net: NetName=GND_ISO Pin=C59-2
Removed Pin From Net: NetName=GND_ISO Pin=C60-2
Removed Pin From Net: NetName=GND_ISO Pin=C61-2
Removed Pin From Net: NetName=VCC_ISO Pin=C62-1
Removed Pin From Net: NetName=GND_ISO Pin=C62-2
Removed Pin From Net: NetName=VCC_ISO Pin=C63-1
Removed Pin From Net: NetName=GND_ISO Pin=C63-2
Removed Pin From Net: NetName=VCC_ISO Pin=C64-1
Removed Pin From Net: NetName=GND_ISO Pin=C64-2
Removed Pin From Net: NetName=VCC_ISO Pin=C65-1
Removed Pin From Net: NetName=GND_ISO Pin=C65-2
Removed Pin From Net: NetName=GND_ISO Pin=DO_EZO1-1
Removed Pin From Net: NetName=VCC_ISO Pin=DO_EZO1-4
Removed Pin From Net: NetName=GND_ISO Pin=DO_EZO2-1
Removed Pin From Net: NetName=GND_ISO Pin=IC13-11
Removed Pin From Net: NetName=VCC_ISO Pin=IC13-12
Removed Pin From Net: NetName=GND_ISO Pin=IC13-14
Removed Pin From Net: NetName=GND_ISO Pin=IC13-16
Removed Pin From Net: NetName=VCC_ISO Pin=IC13-17
Removed Pin From Net: NetName=GND_ISO Pin=IC13-20
Removed Pin From Net: NetName=VCC_ISO Pin=IC14-12
Removed Pin From Net: NetName=VCC_ISO Pin=IC14-17
Removed Pin From Net: NetName=GND_ISO Pin=IC15-11
Removed Pin From Net: NetName=VCC_ISO Pin=IC15-12
Removed Pin From Net: NetName=GND_ISO Pin=IC15-14
Removed Pin From Net: NetName=GND_ISO Pin=IC15-16
Removed Pin From Net: NetName=VCC_ISO Pin=IC15-17
Removed Pin From Net: NetName=GND_ISO Pin=IC15-20
Removed Pin From Net: NetName=GND_ISO Pin=IC17-11
Removed Pin From Net: NetName=VCC_ISO Pin=IC17-12
Removed Pin From Net: NetName=GND_ISO Pin=IC17-14
Removed Pin From Net: NetName=GND_ISO Pin=IC17-16
Removed Pin From Net: NetName=VCC_ISO Pin=IC17-17
Removed Pin From Net: NetName=GND_ISO Pin=IC17-20
Removed Pin From Net: NetName=GND_ISO Pin=IC18-11
Removed Pin From Net: NetName=GND_ISO Pin=IC18-14
Removed Pin From Net: NetName=GND_ISO Pin=IC18-16
Removed Pin From Net: NetName=GND_ISO Pin=IC18-20
Removed Pin From Net: NetName=GND_ISO Pin=IC19-11
Removed Pin From Net: NetName=VCC_ISO Pin=IC19-12
Removed Pin From Net: NetName=GND_ISO Pin=IC19-14
Removed Pin From Net: NetName=GND_ISO Pin=IC19-16
Removed Pin From Net: NetName=VCC_ISO Pin=IC19-17
Removed Pin From Net: NetName=GND_ISO Pin=IC19-20
Removed Pin From Net: NetName=GND_ISO Pin=pH_EZO1-1
Removed Pin From Net: NetName=VCC_ISO Pin=pH_EZO1-4
Removed Pin From Net: NetName=VCC_ISO Pin=pH_EZO2-4
Removed Pin From Net: NetName=VCC_ISO Pin=R33-2
Removed Pin From Net: NetName=VCC_ISO Pin=R35-2
Removed Pin From Net: NetName=VCC_ISO Pin=R38-2
Removed Pin From Net: NetName=VCC_ISO Pin=R42-2
Removed Pin From Net: NetName=VCC_ISO Pin=R44-2
Removed Pin From Net: NetName=GND_ISO Pin=R45-1
Removed Pin From Net: NetName=VCC_ISO Pin=R47-2
Removed Pin From Net: NetName=VCC_ISO Pin=R51-2
Removed Pin From Net: NetName=VCC_ISO Pin=R53-2
Removed Pin From Net: NetName=GND_ISO Pin=R54-1
Removed Pin From Net: NetName=VCC_ISO Pin=R56-2
Removed Pin From Net: NetName=VCC_ISO Pin=R64-2
Removed Pin From Net: NetName=VCC_ISO Pin=R66-2
Removed Pin From Net: NetName=GND_ISO Pin=R67-1
Removed Pin From Net: NetName=VCC_ISO Pin=R69-2
Removed Pin From Net: NetName=GND_ISO Pin=R77-1
Removed Pin From Net: NetName=VCC_ISO Pin=R83-2
Removed Pin From Net: NetName=VCC_ISO Pin=R85-2
Removed Pin From Net: NetName=GND_ISO Pin=R86-1
Removed Pin From Net: NetName=VCC_ISO Pin=R88-2
Removed Pin From Net: NetName=GND_ISO Pin=TDS_EZO1-1
Removed Pin From Net: NetName=VCC_ISO Pin=TDS_EZO1-4
Removed Pin From Net: NetName=GND_ISO Pin=TDS_EZO2-1
Removed Pin From Net: NetName=VCC_ISO Pin=TDS_EZO2-4
Change Component Designator: OldDesignator=BOOT NewDesignator=BOOT1
Change Component Designator: OldDesignator=RST NewDesignator=RST1
Change Net Name : Old Net Name=GND_ISO New Net Name=GND_ISO_5
Change Net Name : Old Net Name=VCC_ISO New Net Name=VCC_ISO_4
Added Pin To Net: NetName=GND_ISO_1 Pin=C46-2
Added Pin To Net: NetName=GND_ISO_1 Pin=C47-2
Added Pin To Net: NetName=GND_ISO_1 Pin=C48-2
Added Pin To Net: NetName=GND_ISO_1 Pin=C49-2
Added Pin To Net: NetName=GND_ISO_1 Pin=DO_EZO1-1
Added Pin To Net: NetName=GND_ISO_1 Pin=IC13-11
Added Pin To Net: NetName=GND_ISO_1 Pin=IC13-14
Added Pin To Net: NetName=GND_ISO_1 Pin=IC13-16
Added Pin To Net: NetName=GND_ISO_1 Pin=IC13-20
Added Pin To Net: NetName=GND_ISO_1 Pin=R45-1
Added Net: Name=GND_ISO_1
Added Pin To Net: NetName=GND_ISO_2 Pin=C54-2
Added Pin To Net: NetName=GND_ISO_2 Pin=C55-2
Added Pin To Net: NetName=GND_ISO_2 Pin=C56-2
Added Pin To Net: NetName=GND_ISO_2 Pin=C57-2
Added Pin To Net: NetName=GND_ISO_2 Pin=IC17-11
Added Pin To Net: NetName=GND_ISO_2 Pin=IC17-14
Added Pin To Net: NetName=GND_ISO_2 Pin=IC17-16
Added Pin To Net: NetName=GND_ISO_2 Pin=IC17-20
Added Pin To Net: NetName=GND_ISO_2 Pin=pH_EZO1-1
Added Pin To Net: NetName=GND_ISO_2 Pin=R67-1
Added Net: Name=GND_ISO_2
Added Pin To Net: NetName=GND_ISO_3 Pin=C50-2
Added Pin To Net: NetName=GND_ISO_3 Pin=C51-2
Added Pin To Net: NetName=GND_ISO_3 Pin=C52-2
Added Pin To Net: NetName=GND_ISO_3 Pin=C53-2
Added Pin To Net: NetName=GND_ISO_3 Pin=IC15-11
Added Pin To Net: NetName=GND_ISO_3 Pin=IC15-14
Added Pin To Net: NetName=GND_ISO_3 Pin=IC15-16
Added Pin To Net: NetName=GND_ISO_3 Pin=IC15-20
Added Pin To Net: NetName=GND_ISO_3 Pin=R54-1
Added Pin To Net: NetName=GND_ISO_3 Pin=TDS_EZO1-1
Added Net: Name=GND_ISO_3
Added Pin To Net: NetName=GND_ISO_4 Pin=C58-2
Added Pin To Net: NetName=GND_ISO_4 Pin=C59-2
Added Pin To Net: NetName=GND_ISO_4 Pin=C60-2
Added Pin To Net: NetName=GND_ISO_4 Pin=C61-2
Added Pin To Net: NetName=GND_ISO_4 Pin=DO_EZO2-1
Added Pin To Net: NetName=GND_ISO_4 Pin=IC18-11
Added Pin To Net: NetName=GND_ISO_4 Pin=IC18-14
Added Pin To Net: NetName=GND_ISO_4 Pin=IC18-16
Added Pin To Net: NetName=GND_ISO_4 Pin=IC18-20
Added Pin To Net: NetName=GND_ISO_4 Pin=R77-1
Added Net: Name=GND_ISO_4
Added Pin To Net: NetName=GND_ISO_6 Pin=C62-2
Added Pin To Net: NetName=GND_ISO_6 Pin=C63-2
Added Pin To Net: NetName=GND_ISO_6 Pin=C64-2
Added Pin To Net: NetName=GND_ISO_6 Pin=C65-2
Added Pin To Net: NetName=GND_ISO_6 Pin=IC19-11
Added Pin To Net: NetName=GND_ISO_6 Pin=IC19-14
Added Pin To Net: NetName=GND_ISO_6 Pin=IC19-16
Added Pin To Net: NetName=GND_ISO_6 Pin=IC19-20
Added Pin To Net: NetName=GND_ISO_6 Pin=R86-1
Added Pin To Net: NetName=GND_ISO_6 Pin=TDS_EZO2-1
Added Net: Name=GND_ISO_6
Added Pin To Net: NetName=VCC_ISO_1 Pin=C46-1
Added Pin To Net: NetName=VCC_ISO_1 Pin=C47-1
Added Pin To Net: NetName=VCC_ISO_1 Pin=C48-1
Added Pin To Net: NetName=VCC_ISO_1 Pin=C49-1
Added Pin To Net: NetName=VCC_ISO_1 Pin=DO_EZO1-4
Added Pin To Net: NetName=VCC_ISO_1 Pin=IC13-12
Added Pin To Net: NetName=VCC_ISO_1 Pin=IC13-17
Added Pin To Net: NetName=VCC_ISO_1 Pin=R42-2
Added Pin To Net: NetName=VCC_ISO_1 Pin=R44-2
Added Pin To Net: NetName=VCC_ISO_1 Pin=R47-2
Added Net: Name=VCC_ISO_1
Added Pin To Net: NetName=VCC_ISO_2 Pin=C54-1
Added Pin To Net: NetName=VCC_ISO_2 Pin=C55-1
Added Pin To Net: NetName=VCC_ISO_2 Pin=C56-1
Added Pin To Net: NetName=VCC_ISO_2 Pin=C57-1
Added Pin To Net: NetName=VCC_ISO_2 Pin=IC17-12
Added Pin To Net: NetName=VCC_ISO_2 Pin=IC17-17
Added Pin To Net: NetName=VCC_ISO_2 Pin=pH_EZO1-4
Added Pin To Net: NetName=VCC_ISO_2 Pin=R64-2
Added Pin To Net: NetName=VCC_ISO_2 Pin=R66-2
Added Pin To Net: NetName=VCC_ISO_2 Pin=R69-2
Added Net: Name=VCC_ISO_2
Added Pin To Net: NetName=VCC_ISO_3 Pin=C50-1
Added Pin To Net: NetName=VCC_ISO_3 Pin=C51-1
Added Pin To Net: NetName=VCC_ISO_3 Pin=C52-1
Added Pin To Net: NetName=VCC_ISO_3 Pin=C53-1
Added Pin To Net: NetName=VCC_ISO_3 Pin=IC15-12
Added Pin To Net: NetName=VCC_ISO_3 Pin=IC15-17
Added Pin To Net: NetName=VCC_ISO_3 Pin=R51-2
Added Pin To Net: NetName=VCC_ISO_3 Pin=R53-2
Added Pin To Net: NetName=VCC_ISO_3 Pin=R56-2
Added Pin To Net: NetName=VCC_ISO_3 Pin=TDS_EZO1-4
Added Net: Name=VCC_ISO_3
Added Pin To Net: NetName=VCC_ISO_5 Pin=C42-1
Added Pin To Net: NetName=VCC_ISO_5 Pin=C43-1
Added Pin To Net: NetName=VCC_ISO_5 Pin=C44-1
Added Pin To Net: NetName=VCC_ISO_5 Pin=C45-1
Added Pin To Net: NetName=VCC_ISO_5 Pin=IC14-12
Added Pin To Net: NetName=VCC_ISO_5 Pin=IC14-17
Added Pin To Net: NetName=VCC_ISO_5 Pin=pH_EZO2-4
Added Pin To Net: NetName=VCC_ISO_5 Pin=R33-2
Added Pin To Net: NetName=VCC_ISO_5 Pin=R35-2
Added Pin To Net: NetName=VCC_ISO_5 Pin=R38-2
Added Net: Name=VCC_ISO_5
Added Pin To Net: NetName=VCC_ISO_6 Pin=C62-1
Added Pin To Net: NetName=VCC_ISO_6 Pin=C63-1
Added Pin To Net: NetName=VCC_ISO_6 Pin=C64-1
Added Pin To Net: NetName=VCC_ISO_6 Pin=C65-1
Added Pin To Net: NetName=VCC_ISO_6 Pin=IC19-12
Added Pin To Net: NetName=VCC_ISO_6 Pin=IC19-17
Added Pin To Net: NetName=VCC_ISO_6 Pin=R83-2
Added Pin To Net: NetName=VCC_ISO_6 Pin=R85-2
Added Pin To Net: NetName=VCC_ISO_6 Pin=R88-2
Added Pin To Net: NetName=VCC_ISO_6 Pin=TDS_EZO2-4
Added Net: Name=VCC_ISO_6
Added Member To Class: ClassName=U_ESP32 Member=Component R5 4K7
Added Member To Class: ClassName=U_TDS_EZO_2 Member=Component R86 1K5
